<?xml version="1.0" encoding="UTF-8"?>
<testng-results ignored="0" total="1" passed="1" failed="0" skipped="0">
  <reporter-output>
  </reporter-output>
  <suite started-at="2024-05-07T12:52:22 IST" name="Suite" finished-at="2024-05-07T12:52:39 IST" duration-ms="16793">
    <groups>
    </groups>
    <test started-at="2024-05-07T12:52:22 IST" name="Test" finished-at="2024-05-07T12:52:39 IST" duration-ms="16793">
      <class name="automation.mytest">
        <test-method signature="test()[pri:0, instance:automation.mytest@614ca7df]" started-at="2024-05-07T12:52:22 IST" name="test" finished-at="2024-05-07T12:52:39 IST" duration-ms="16740" status="PASS">
          <reporter-output>
          </reporter-output>
        </test-method> <!-- test -->
      </class> <!-- automation.mytest -->
    </test> <!-- Test -->
  </suite> <!-- Suite -->
</testng-results>
